{"C:\\Users\\Shadrack Bentil\\Documents\\backend-test\\src\\config\\index.ts": {"path":"C:\\Users\\Shadrack Bentil\\Documents\\backend-test\\src\\config\\index.ts","statementMap":{"0":{"start":{"line":1,"column":0},"end":{"line":1,"column":28}},"1":{"start":{"line":3,"column":0},"end":{"line":3,"column":16}},"2":{"start":{"line":16,"column":23},"end":{"line":25,"column":2}},"3":{"start":{"line":27,"column":0},"end":{"line":27,"column":22}}},"fnMap":{},"branchMap":{"0":{"loc":{"start":{"line":18,"column":9},"end":{"line":18,"column":46}},"type":"binary-expr","locations":[{"start":{"line":18,"column":9},"end":{"line":18,"column":29}},{"start":{"line":18,"column":33},"end":{"line":18,"column":46}}]},"1":{"loc":{"start":{"line":19,"column":19},"end":{"line":19,"column":45}},"type":"binary-expr","locations":[{"start":{"line":19,"column":19},"end":{"line":19,"column":35}},{"start":{"line":19,"column":39},"end":{"line":19,"column":45}}]},"2":{"loc":{"start":{"line":20,"column":10},"end":{"line":20,"column":36}},"type":"binary-expr","locations":[{"start":{"line":20,"column":10},"end":{"line":20,"column":30}},{"start":{"line":20,"column":34},"end":{"line":20,"column":36}}]},"3":{"loc":{"start":{"line":23,"column":9},"end":{"line":23,"column":36}},"type":"binary-expr","locations":[{"start":{"line":23,"column":9},"end":{"line":23,"column":30}},{"start":{"line":23,"column":34},"end":{"line":23,"column":36}}]}},"s":{"0":2,"1":2,"2":2,"3":2},"f":{},"b":{"0":[2,0],"1":[2,0],"2":[2,0],"3":[2,0]}}
,"C:\\Users\\Shadrack Bentil\\Documents\\backend-test\\src\\constants\\app.constants.ts": {"path":"C:\\Users\\Shadrack Bentil\\Documents\\backend-test\\src\\constants\\app.constants.ts","statementMap":{"0":{"start":{"line":1,"column":13},"end":{"line":7,"column":2}}},"fnMap":{},"branchMap":{},"s":{"0":2},"f":{},"b":{}}
,"C:\\Users\\Shadrack Bentil\\Documents\\backend-test\\src\\constants\\index.ts": {"path":"C:\\Users\\Shadrack Bentil\\Documents\\backend-test\\src\\constants\\index.ts","statementMap":{"0":{"start":{"line":1,"column":0},"end":{"line":1,"column":32}}},"fnMap":{},"branchMap":{},"s":{"0":2},"f":{},"b":{}}
,"C:\\Users\\Shadrack Bentil\\Documents\\backend-test\\src\\controllers\\index.ts": {"path":"C:\\Users\\Shadrack Bentil\\Documents\\backend-test\\src\\controllers\\index.ts","statementMap":{"0":{"start":{"line":1,"column":0},"end":{"line":1,"column":52}}},"fnMap":{},"branchMap":{},"s":{"0":2},"f":{},"b":{}}
,"C:\\Users\\Shadrack Bentil\\Documents\\backend-test\\src\\controllers\\todo.controller.ts": {"path":"C:\\Users\\Shadrack Bentil\\Documents\\backend-test\\src\\controllers\\todo.controller.ts","statementMap":{"0":{"start":{"line":1,"column":0},"end":{"line":1,"column":40}},"1":{"start":{"line":5,"column":26},"end":{"line":20,"column":2}},"2":{"start":{"line":9,"column":4},"end":{"line":20,"column":2}},"3":{"start":{"line":10,"column":2},"end":{"line":19,"column":3}},"4":{"start":{"line":11,"column":20},"end":{"line":11,"column":55}},"5":{"start":{"line":12,"column":4},"end":{"line":16,"column":7}},"6":{"start":{"line":18,"column":4},"end":{"line":18,"column":16}},"7":{"start":{"line":5,"column":13},"end":{"line":5,"column":26}},"8":{"start":{"line":22,"column":24},"end":{"line":45,"column":2}},"9":{"start":{"line":26,"column":4},"end":{"line":45,"column":2}},"10":{"start":{"line":27,"column":2},"end":{"line":44,"column":3}},"11":{"start":{"line":28,"column":39},"end":{"line":28,"column":48}},"12":{"start":{"line":29,"column":15},"end":{"line":30,"column":null}},"13":{"start":{"line":32,"column":23},"end":{"line":35,"column":6}},"14":{"start":{"line":36,"column":18},"end":{"line":36,"column":60}},"15":{"start":{"line":37,"column":4},"end":{"line":41,"column":7}},"16":{"start":{"line":43,"column":4},"end":{"line":43,"column":16}},"17":{"start":{"line":22,"column":13},"end":{"line":22,"column":24}},"18":{"start":{"line":47,"column":23},"end":{"line":64,"column":2}},"19":{"start":{"line":51,"column":4},"end":{"line":64,"column":2}},"20":{"start":{"line":52,"column":2},"end":{"line":63,"column":3}},"21":{"start":{"line":53,"column":17},"end":{"line":55,"column":6}},"22":{"start":{"line":56,"column":4},"end":{"line":60,"column":7}},"23":{"start":{"line":62,"column":4},"end":{"line":62,"column":16}},"24":{"start":{"line":47,"column":13},"end":{"line":47,"column":23}},"25":{"start":{"line":66,"column":26},"end":{"line":81,"column":2}},"26":{"start":{"line":70,"column":4},"end":{"line":81,"column":2}},"27":{"start":{"line":71,"column":2},"end":{"line":80,"column":3}},"28":{"start":{"line":72,"column":17},"end":{"line":72,"column":67}},"29":{"start":{"line":73,"column":4},"end":{"line":77,"column":7}},"30":{"start":{"line":79,"column":4},"end":{"line":79,"column":16}},"31":{"start":{"line":66,"column":13},"end":{"line":66,"column":26}},"32":{"start":{"line":83,"column":26},"end":{"line":98,"column":2}},"33":{"start":{"line":87,"column":4},"end":{"line":98,"column":2}},"34":{"start":{"line":88,"column":2},"end":{"line":97,"column":3}},"35":{"start":{"line":89,"column":17},"end":{"line":89,"column":57}},"36":{"start":{"line":90,"column":4},"end":{"line":94,"column":7}},"37":{"start":{"line":96,"column":4},"end":{"line":96,"column":16}},"38":{"start":{"line":83,"column":13},"end":{"line":83,"column":26}}},"fnMap":{"0":{"name":"(anonymous_16)","decl":{"start":{"line":5,"column":26},"end":{"line":5,"column":null}},"loc":{"start":{"line":9,"column":4},"end":{"line":20,"column":2}}},"1":{"name":"(anonymous_17)","decl":{"start":{"line":9,"column":4},"end":{"line":9,"column":null}},"loc":{"start":{"line":9,"column":4},"end":{"line":20,"column":1}}},"2":{"name":"(anonymous_18)","decl":{"start":{"line":22,"column":24},"end":{"line":22,"column":null}},"loc":{"start":{"line":26,"column":4},"end":{"line":45,"column":2}}},"3":{"name":"(anonymous_19)","decl":{"start":{"line":26,"column":4},"end":{"line":26,"column":null}},"loc":{"start":{"line":26,"column":4},"end":{"line":45,"column":1}}},"4":{"name":"(anonymous_20)","decl":{"start":{"line":47,"column":23},"end":{"line":47,"column":null}},"loc":{"start":{"line":51,"column":4},"end":{"line":64,"column":2}}},"5":{"name":"(anonymous_21)","decl":{"start":{"line":51,"column":4},"end":{"line":51,"column":null}},"loc":{"start":{"line":51,"column":4},"end":{"line":64,"column":1}}},"6":{"name":"(anonymous_22)","decl":{"start":{"line":66,"column":26},"end":{"line":66,"column":null}},"loc":{"start":{"line":70,"column":4},"end":{"line":81,"column":2}}},"7":{"name":"(anonymous_23)","decl":{"start":{"line":70,"column":4},"end":{"line":70,"column":null}},"loc":{"start":{"line":70,"column":4},"end":{"line":81,"column":1}}},"8":{"name":"(anonymous_24)","decl":{"start":{"line":83,"column":26},"end":{"line":83,"column":null}},"loc":{"start":{"line":87,"column":4},"end":{"line":98,"column":2}}},"9":{"name":"(anonymous_25)","decl":{"start":{"line":87,"column":4},"end":{"line":87,"column":null}},"loc":{"start":{"line":87,"column":4},"end":{"line":98,"column":1}}}},"branchMap":{"0":{"loc":{"start":{"line":30,"column":10},"end":{"line":30,"column":36}},"type":"binary-expr","locations":[{"start":{"line":30,"column":10},"end":{"line":30,"column":19}},{"start":{"line":30,"column":23},"end":{"line":30,"column":36}}]},"1":{"loc":{"start":{"line":33,"column":13},"end":{"line":33,"column":51}},"type":"cond-expr","locations":[{"start":{"line":33,"column":21},"end":{"line":33,"column":46}},{"start":{"line":33,"column":49},"end":{"line":33,"column":51}}]},"2":{"loc":{"start":{"line":34,"column":12},"end":{"line":34,"column":47}},"type":"cond-expr","locations":[{"start":{"line":34,"column":19},"end":{"line":34,"column":43}},{"start":{"line":34,"column":46},"end":{"line":34,"column":47}}]}},"s":{"0":2,"1":2,"2":2,"3":2,"4":2,"5":2,"6":0,"7":2,"8":2,"9":0,"10":0,"11":0,"12":0,"13":0,"14":0,"15":0,"16":0,"17":2,"18":2,"19":0,"20":0,"21":0,"22":0,"23":0,"24":2,"25":2,"26":2,"27":2,"28":2,"29":1,"30":1,"31":2,"32":2,"33":1,"34":1,"35":1,"36":1,"37":0,"38":2},"f":{"0":2,"1":2,"2":0,"3":0,"4":0,"5":0,"6":2,"7":2,"8":1,"9":1},"b":{"0":[0,0],"1":[0,0],"2":[0,0]}}
,"C:\\Users\\Shadrack Bentil\\Documents\\backend-test\\src\\middlewares\\error-handler.ts": {"path":"C:\\Users\\Shadrack Bentil\\Documents\\backend-test\\src\\middlewares\\error-handler.ts","statementMap":{"0":{"start":{"line":3,"column":0},"end":{"line":3,"column":31}},"1":{"start":{"line":5,"column":28},"end":{"line":18,"column":1}},"2":{"start":{"line":11,"column":18},"end":{"line":11,"column":55}},"3":{"start":{"line":12,"column":21},"end":{"line":12,"column":42}},"4":{"start":{"line":13,"column":2},"end":{"line":17,"column":5}},"5":{"start":{"line":5,"column":13},"end":{"line":5,"column":28}}},"fnMap":{"0":{"name":"(anonymous_1)","decl":{"start":{"line":5,"column":28},"end":{"line":5,"column":null}},"loc":{"start":{"line":10,"column":4},"end":{"line":18,"column":1}}}},"branchMap":{"0":{"loc":{"start":{"line":11,"column":18},"end":{"line":11,"column":55}},"type":"binary-expr","locations":[{"start":{"line":11,"column":18},"end":{"line":11,"column":29}},{"start":{"line":11,"column":33},"end":{"line":11,"column":55}}]},"1":{"loc":{"start":{"line":12,"column":21},"end":{"line":12,"column":42}},"type":"binary-expr","locations":[{"start":{"line":12,"column":21},"end":{"line":12,"column":35}},{"start":{"line":12,"column":39},"end":{"line":12,"column":42}}]},"2":{"loc":{"start":{"line":16,"column":11},"end":{"line":16,"column":61}},"type":"cond-expr","locations":[{"start":{"line":16,"column":45},"end":{"line":16,"column":54}},{"start":{"line":16,"column":57},"end":{"line":16,"column":61}}]}},"s":{"0":2,"1":2,"2":1,"3":1,"4":1,"5":2},"f":{"0":1},"b":{"0":[1,0],"1":[1,1],"2":[1,0]}}
,"C:\\Users\\Shadrack Bentil\\Documents\\backend-test\\src\\middlewares\\index.ts": {"path":"C:\\Users\\Shadrack Bentil\\Documents\\backend-test\\src\\middlewares\\index.ts","statementMap":{"0":{"start":{"line":1,"column":0},"end":{"line":1,"column":32}},"1":{"start":{"line":2,"column":0},"end":{"line":2,"column":29}}},"fnMap":{},"branchMap":{},"s":{"0":2,"1":2},"f":{},"b":{}}
,"C:\\Users\\Shadrack Bentil\\Documents\\backend-test\\src\\middlewares\\validation.ts": {"path":"C:\\Users\\Shadrack Bentil\\Documents\\backend-test\\src\\middlewares\\validation.ts","statementMap":{"0":{"start":{"line":3,"column":0},"end":{"line":3,"column":44}},"1":{"start":{"line":5,"column":36},"end":{"line":29,"column":1}},"2":{"start":{"line":9,"column":2},"end":{"line":28,"column":4}},"3":{"start":{"line":10,"column":4},"end":{"line":27,"column":5}},"4":{"start":{"line":11,"column":22},"end":{"line":15,"column":8}},"5":{"start":{"line":18,"column":24},"end":{"line":18,"column":63}},"6":{"start":{"line":19,"column":6},"end":{"line":21,"column":7}},"7":{"start":{"line":20,"column":8},"end":{"line":20,"column":22}},"8":{"start":{"line":23,"column":23},"end":{"line":23,"column":77}},"9":{"start":{"line":23,"column":55},"end":{"line":23,"column":66}},"10":{"start":{"line":24,"column":6},"end":{"line":24,"column":50}},"11":{"start":{"line":26,"column":6},"end":{"line":26,"column":25}},"12":{"start":{"line":5,"column":13},"end":{"line":5,"column":36}}},"fnMap":{"0":{"name":"(anonymous_0)","decl":{"start":{"line":5,"column":36},"end":{"line":5,"column":null}},"loc":{"start":{"line":8,"column":4},"end":{"line":29,"column":1}}},"1":{"name":"(anonymous_1)","decl":{"start":{"line":9,"column":9},"end":{"line":9,"column":10}},"loc":{"start":{"line":9,"column":61},"end":{"line":28,"column":3}}},"2":{"name":"(anonymous_2)","decl":{"start":{"line":23,"column":41},"end":{"line":23,"column":42}},"loc":{"start":{"line":23,"column":55},"end":{"line":23,"column":66}}}},"branchMap":{"0":{"loc":{"start":{"line":7,"column":2},"end":{"line":7,"column":51}},"type":"default-arg","locations":[{"start":{"line":7,"column":21},"end":{"line":7,"column":51}}]},"1":{"loc":{"start":{"line":19,"column":6},"end":{"line":21,"column":7}},"type":"if","locations":[{"start":{"line":19,"column":6},"end":{"line":21,"column":7}}]}},"s":{"0":2,"1":2,"2":12,"3":8,"4":8,"5":8,"6":8,"7":7,"8":1,"9":1,"10":1,"11":0,"12":2},"f":{"0":12,"1":8,"2":1},"b":{"0":[6],"1":[7]}}
,"C:\\Users\\Shadrack Bentil\\Documents\\backend-test\\src\\models\\index.ts": {"path":"C:\\Users\\Shadrack Bentil\\Documents\\backend-test\\src\\models\\index.ts","statementMap":{"0":{"start":{"line":1,"column":0},"end":{"line":1,"column":23}}},"fnMap":{},"branchMap":{},"s":{"0":1},"f":{},"b":{}}
,"C:\\Users\\Shadrack Bentil\\Documents\\backend-test\\src\\models\\todo\\index.ts": {"path":"C:\\Users\\Shadrack Bentil\\Documents\\backend-test\\src\\models\\todo\\index.ts","statementMap":{"0":{"start":{"line":1,"column":0},"end":{"line":1,"column":51}},"1":{"start":{"line":5,"column":19},"end":{"line":20,"column":null}},"2":{"start":{"line":23,"column":13},"end":{"line":24,"column":76}}},"fnMap":{},"branchMap":{"0":{"loc":{"start":{"line":24,"column":2},"end":{"line":24,"column":75}},"type":"binary-expr","locations":[{"start":{"line":24,"column":2},"end":{"line":24,"column":25}},{"start":{"line":24,"column":29},"end":{"line":24,"column":75}}]}},"s":{"0":1,"1":1,"2":1},"f":{},"b":{"0":[1,1]}}
,"C:\\Users\\Shadrack Bentil\\Documents\\backend-test\\src\\routes\\index.ts": {"path":"C:\\Users\\Shadrack Bentil\\Documents\\backend-test\\src\\routes\\index.ts","statementMap":{"0":{"start":{"line":1,"column":0},"end":{"line":1,"column":9}},"1":{"start":{"line":1,"column":9},"end":{"line":1,"column":30}}},"fnMap":{"0":{"name":"(anonymous_1)","decl":{"start":{"line":1,"column":9},"end":{"line":1,"column":16}},"loc":{"start":{"line":1,"column":9},"end":{"line":1,"column":30}}}},"branchMap":{},"s":{"0":2,"1":4},"f":{"0":2},"b":{}}
,"C:\\Users\\Shadrack Bentil\\Documents\\backend-test\\src\\routes\\todo.routes.ts": {"path":"C:\\Users\\Shadrack Bentil\\Documents\\backend-test\\src\\routes\\todo.routes.ts","statementMap":{"0":{"start":{"line":1,"column":0},"end":{"line":1,"column":44}},"1":{"start":{"line":2,"column":0},"end":{"line":2,"column":33}},"2":{"start":{"line":3,"column":0},"end":{"line":3,"column":48}},"3":{"start":{"line":4,"column":0},"end":{"line":4,"column":48}},"4":{"start":{"line":5,"column":0},"end":{"line":5,"column":54}},"5":{"start":{"line":7,"column":15},"end":{"line":7,"column":23}},"6":{"start":{"line":9,"column":0},"end":{"line":13,"column":2}},"7":{"start":{"line":15,"column":0},"end":{"line":20,"column":2}},"8":{"start":{"line":22,"column":0},"end":{"line":26,"column":2}},"9":{"start":{"line":28,"column":0},"end":{"line":32,"column":2}},"10":{"start":{"line":33,"column":0},"end":{"line":37,"column":2}},"11":{"start":{"line":39,"column":0},"end":{"line":39,"column":22}}},"fnMap":{},"branchMap":{},"s":{"0":2,"1":2,"2":2,"3":2,"4":2,"5":2,"6":2,"7":2,"8":2,"9":2,"10":2,"11":2},"f":{},"b":{}}
,"C:\\Users\\Shadrack Bentil\\Documents\\backend-test\\src\\services\\index.ts": {"path":"C:\\Users\\Shadrack Bentil\\Documents\\backend-test\\src\\services\\index.ts","statementMap":{"0":{"start":{"line":1,"column":0},"end":{"line":1,"column":31}}},"fnMap":{},"branchMap":{},"s":{"0":1},"f":{},"b":{}}
,"C:\\Users\\Shadrack Bentil\\Documents\\backend-test\\src\\services\\todo.service.ts": {"path":"C:\\Users\\Shadrack Bentil\\Documents\\backend-test\\src\\services\\todo.service.ts","statementMap":{"0":{"start":{"line":3,"column":0},"end":{"line":3,"column":38}},"1":{"start":{"line":5,"column":26},"end":{"line":11,"column":2}},"2":{"start":{"line":5,"column":73},"end":{"line":11,"column":2}},"3":{"start":{"line":6,"column":2},"end":{"line":10,"column":3}},"4":{"start":{"line":7,"column":4},"end":{"line":7,"column":40}},"5":{"start":{"line":9,"column":4},"end":{"line":9,"column":27}},"6":{"start":{"line":5,"column":13},"end":{"line":5,"column":26}},"7":{"start":{"line":13,"column":24},"end":{"line":27,"column":2}},"8":{"start":{"line":16,"column":22},"end":{"line":27,"column":2}},"9":{"start":{"line":17,"column":26},"end":{"line":17,"column":36}},"10":{"start":{"line":18,"column":15},"end":{"line":18,"column":33}},"11":{"start":{"line":19,"column":2},"end":{"line":26,"column":3}},"12":{"start":{"line":20,"column":4},"end":{"line":23,"column":31}},"13":{"start":{"line":25,"column":4},"end":{"line":25,"column":27}},"14":{"start":{"line":13,"column":13},"end":{"line":13,"column":24}},"15":{"start":{"line":29,"column":23},"end":{"line":35,"column":2}},"16":{"start":{"line":29,"column":76},"end":{"line":35,"column":2}},"17":{"start":{"line":30,"column":2},"end":{"line":34,"column":3}},"18":{"start":{"line":31,"column":4},"end":{"line":31,"column":42}},"19":{"start":{"line":33,"column":4},"end":{"line":33,"column":27}},"20":{"start":{"line":29,"column":13},"end":{"line":29,"column":23}},"21":{"start":{"line":37,"column":26},"end":{"line":46,"column":2}},"22":{"start":{"line":40,"column":27},"end":{"line":46,"column":2}},"23":{"start":{"line":41,"column":2},"end":{"line":45,"column":3}},"24":{"start":{"line":42,"column":4},"end":{"line":42,"column":70}},"25":{"start":{"line":44,"column":4},"end":{"line":44,"column":27}},"26":{"start":{"line":37,"column":13},"end":{"line":37,"column":26}},"27":{"start":{"line":48,"column":26},"end":{"line":54,"column":2}},"28":{"start":{"line":48,"column":70},"end":{"line":54,"column":2}},"29":{"start":{"line":49,"column":2},"end":{"line":53,"column":3}},"30":{"start":{"line":50,"column":4},"end":{"line":50,"column":49}},"31":{"start":{"line":52,"column":4},"end":{"line":52,"column":27}},"32":{"start":{"line":48,"column":13},"end":{"line":48,"column":26}}},"fnMap":{"0":{"name":"(anonymous_7)","decl":{"start":{"line":5,"column":26},"end":{"line":5,"column":33}},"loc":{"start":{"line":5,"column":73},"end":{"line":11,"column":2}}},"1":{"name":"(anonymous_8)","decl":{"start":{"line":5,"column":73},"end":{"line":5,"column":null}},"loc":{"start":{"line":5,"column":73},"end":{"line":11,"column":1}}},"2":{"name":"(anonymous_9)","decl":{"start":{"line":13,"column":24},"end":{"line":13,"column":null}},"loc":{"start":{"line":16,"column":22},"end":{"line":27,"column":2}}},"3":{"name":"(anonymous_10)","decl":{"start":{"line":16,"column":22},"end":{"line":16,"column":null}},"loc":{"start":{"line":16,"column":22},"end":{"line":27,"column":1}}},"4":{"name":"(anonymous_11)","decl":{"start":{"line":29,"column":23},"end":{"line":29,"column":30}},"loc":{"start":{"line":29,"column":76},"end":{"line":35,"column":2}}},"5":{"name":"(anonymous_12)","decl":{"start":{"line":29,"column":76},"end":{"line":29,"column":null}},"loc":{"start":{"line":29,"column":76},"end":{"line":35,"column":1}}},"6":{"name":"(anonymous_13)","decl":{"start":{"line":37,"column":26},"end":{"line":37,"column":null}},"loc":{"start":{"line":40,"column":27},"end":{"line":46,"column":2}}},"7":{"name":"(anonymous_14)","decl":{"start":{"line":40,"column":27},"end":{"line":40,"column":null}},"loc":{"start":{"line":40,"column":27},"end":{"line":46,"column":1}}},"8":{"name":"(anonymous_15)","decl":{"start":{"line":48,"column":26},"end":{"line":48,"column":33}},"loc":{"start":{"line":48,"column":70},"end":{"line":54,"column":2}}},"9":{"name":"(anonymous_16)","decl":{"start":{"line":48,"column":70},"end":{"line":48,"column":null}},"loc":{"start":{"line":48,"column":70},"end":{"line":54,"column":1}}}},"branchMap":{},"s":{"0":1,"1":1,"2":0,"3":0,"4":0,"5":0,"6":1,"7":1,"8":0,"9":0,"10":0,"11":0,"12":0,"13":0,"14":1,"15":1,"16":0,"17":0,"18":0,"19":0,"20":1,"21":1,"22":0,"23":0,"24":0,"25":0,"26":1,"27":1,"28":0,"29":0,"30":0,"31":0,"32":1},"f":{"0":0,"1":0,"2":0,"3":0,"4":0,"5":0,"6":0,"7":0,"8":0,"9":0},"b":{}}
,"C:\\Users\\Shadrack Bentil\\Documents\\backend-test\\src\\test\\db.ts": {"path":"C:\\Users\\Shadrack Bentil\\Documents\\backend-test\\src\\test\\db.ts","statementMap":{"0":{"start":{"line":1,"column":0},"end":{"line":1,"column":58}},"1":{"start":{"line":2,"column":0},"end":{"line":2,"column":32}},"2":{"start":{"line":4,"column":15},"end":{"line":4,"column":41}},"3":{"start":{"line":5,"column":23},"end":{"line":8,"column":2}},"4":{"start":{"line":5,"column":34},"end":{"line":8,"column":2}},"5":{"start":{"line":6,"column":14},"end":{"line":6,"column":43}},"6":{"start":{"line":7,"column":2},"end":{"line":7,"column":30}},"7":{"start":{"line":5,"column":13},"end":{"line":5,"column":23}},"8":{"start":{"line":9,"column":29},"end":{"line":13,"column":2}},"9":{"start":{"line":9,"column":40},"end":{"line":13,"column":2}},"10":{"start":{"line":10,"column":2},"end":{"line":10,"column":43}},"11":{"start":{"line":11,"column":2},"end":{"line":11,"column":36}},"12":{"start":{"line":12,"column":2},"end":{"line":12,"column":30}},"13":{"start":{"line":9,"column":13},"end":{"line":9,"column":29}},"14":{"start":{"line":14,"column":29},"end":{"line":20,"column":2}},"15":{"start":{"line":14,"column":40},"end":{"line":20,"column":2}},"16":{"start":{"line":15,"column":22},"end":{"line":15,"column":53}},"17":{"start":{"line":16,"column":2},"end":{"line":19,"column":3}},"18":{"start":{"line":17,"column":23},"end":{"line":17,"column":39}},"19":{"start":{"line":18,"column":4},"end":{"line":18,"column":36}},"20":{"start":{"line":14,"column":13},"end":{"line":14,"column":29}}},"fnMap":{"0":{"name":"(anonymous_8)","decl":{"start":{"line":5,"column":23},"end":{"line":5,"column":32}},"loc":{"start":{"line":5,"column":34},"end":{"line":8,"column":2}}},"1":{"name":"(anonymous_9)","decl":{"start":{"line":5,"column":34},"end":{"line":5,"column":null}},"loc":{"start":{"line":5,"column":34},"end":{"line":8,"column":1}}},"2":{"name":"(anonymous_10)","decl":{"start":{"line":9,"column":29},"end":{"line":9,"column":38}},"loc":{"start":{"line":9,"column":40},"end":{"line":13,"column":2}}},"3":{"name":"(anonymous_11)","decl":{"start":{"line":9,"column":40},"end":{"line":9,"column":null}},"loc":{"start":{"line":9,"column":40},"end":{"line":13,"column":1}}},"4":{"name":"(anonymous_12)","decl":{"start":{"line":14,"column":29},"end":{"line":14,"column":38}},"loc":{"start":{"line":14,"column":40},"end":{"line":20,"column":2}}},"5":{"name":"(anonymous_13)","decl":{"start":{"line":14,"column":40},"end":{"line":14,"column":null}},"loc":{"start":{"line":14,"column":40},"end":{"line":20,"column":1}}}},"branchMap":{},"s":{"0":1,"1":1,"2":1,"3":1,"4":1,"5":1,"6":1,"7":1,"8":1,"9":1,"10":1,"11":1,"12":1,"13":1,"14":1,"15":7,"16":7,"17":7,"18":0,"19":0,"20":1},"f":{"0":1,"1":1,"2":1,"3":1,"4":7,"5":7},"b":{}}
,"C:\\Users\\Shadrack Bentil\\Documents\\backend-test\\src\\utils\\server.ts": {"path":"C:\\Users\\Shadrack Bentil\\Documents\\backend-test\\src\\utils\\server.ts","statementMap":{"0":{"start":{"line":1,"column":0},"end":{"line":1,"column":62}},"1":{"start":{"line":3,"column":0},"end":{"line":3,"column":46}},"2":{"start":{"line":4,"column":0},"end":{"line":4,"column":39}},"3":{"start":{"line":5,"column":0},"end":{"line":5,"column":24}},"4":{"start":{"line":7,"column":21},"end":{"line":31,"column":1}},"5":{"start":{"line":8,"column":23},"end":{"line":8,"column":32}},"6":{"start":{"line":10,"column":2},"end":{"line":10,"column":26}},"7":{"start":{"line":11,"column":2},"end":{"line":11,"column":50}},"8":{"start":{"line":12,"column":2},"end":{"line":18,"column":4}},"9":{"start":{"line":20,"column":2},"end":{"line":24,"column":5}},"10":{"start":{"line":21,"column":4},"end":{"line":23,"column":7}},"11":{"start":{"line":25,"column":2},"end":{"line":25,"column":35}},"12":{"start":{"line":28,"column":2},"end":{"line":28,"column":24}},"13":{"start":{"line":30,"column":2},"end":{"line":30,"column":13}},"14":{"start":{"line":33,"column":0},"end":{"line":33,"column":28}}},"fnMap":{"0":{"name":"(anonymous_1)","decl":{"start":{"line":7,"column":21},"end":{"line":7,"column":45}},"loc":{"start":{"line":7,"column":47},"end":{"line":31,"column":1}}},"1":{"name":"(anonymous_2)","decl":{"start":{"line":20,"column":24},"end":{"line":20,"column":25}},"loc":{"start":{"line":20,"column":56},"end":{"line":24,"column":3}}}},"branchMap":{},"s":{"0":2,"1":2,"2":2,"3":2,"4":2,"5":2,"6":2,"7":2,"8":2,"9":2,"10":1,"11":2,"12":2,"13":2,"14":2},"f":{"0":2,"1":1},"b":{}}
,"C:\\Users\\Shadrack Bentil\\Documents\\backend-test\\src\\validations\\index.ts": {"path":"C:\\Users\\Shadrack Bentil\\Documents\\backend-test\\src\\validations\\index.ts","statementMap":{"0":{"start":{"line":1,"column":0},"end":{"line":1,"column":34}}},"fnMap":{},"branchMap":{},"s":{"0":2},"f":{},"b":{}}
,"C:\\Users\\Shadrack Bentil\\Documents\\backend-test\\src\\validations\\todo.validation.ts": {"path":"C:\\Users\\Shadrack Bentil\\Documents\\backend-test\\src\\validations\\todo.validation.ts","statementMap":{"0":{"start":{"line":1,"column":0},"end":{"line":1,"column":22}},"1":{"start":{"line":2,"column":13},"end":{"line":20,"column":2}}},"fnMap":{},"branchMap":{},"s":{"0":2,"1":2},"f":{},"b":{}}
}
