TN:
SF:src\config\index.ts
FNF:0
FNH:0
DA:1,2
DA:3,2
DA:16,2
DA:27,2
LF:4
LH:4
BRDA:18,0,0,2
BRDA:18,0,1,0
BRDA:19,1,0,2
BRDA:19,1,1,0
BRDA:20,2,0,2
BRDA:20,2,1,0
BRDA:23,3,0,2
BRDA:23,3,1,0
BRF:8
BRH:4
end_of_record
TN:
SF:src\constants\app.constants.ts
FNF:0
FNH:0
DA:1,2
LF:1
LH:1
BRF:0
BRH:0
end_of_record
TN:
SF:src\constants\index.ts
FNF:0
FNH:0
DA:1,2
LF:1
LH:1
BRF:0
BRH:0
end_of_record
TN:
SF:src\controllers\index.ts
FNF:0
FNH:0
DA:1,2
LF:1
LH:1
BRF:0
BRH:0
end_of_record
TN:
SF:src\controllers\todo.controller.ts
FN:5,(anonymous_16)
FN:9,(anonymous_17)
FN:22,(anonymous_18)
FN:26,(anonymous_19)
FN:47,(anonymous_20)
FN:51,(anonymous_21)
FN:66,(anonymous_22)
FN:70,(anonymous_23)
FN:83,(anonymous_24)
FN:87,(anonymous_25)
FNF:10
FNH:6
FNDA:2,(anonymous_16)
FNDA:2,(anonymous_17)
FNDA:0,(anonymous_18)
FNDA:0,(anonymous_19)
FNDA:0,(anonymous_20)
FNDA:0,(anonymous_21)
FNDA:2,(anonymous_22)
FNDA:2,(anonymous_23)
FNDA:1,(anonymous_24)
FNDA:1,(anonymous_25)
DA:1,2
DA:5,2
DA:9,2
DA:10,2
DA:11,2
DA:12,2
DA:18,0
DA:22,2
DA:26,0
DA:27,0
DA:28,0
DA:29,0
DA:32,0
DA:36,0
DA:37,0
DA:43,0
DA:47,2
DA:51,0
DA:52,0
DA:53,0
DA:56,0
DA:62,0
DA:66,2
DA:70,2
DA:71,2
DA:72,2
DA:73,1
DA:79,1
DA:83,2
DA:87,1
DA:88,1
DA:89,1
DA:90,1
DA:96,0
LF:34
LH:19
BRDA:30,0,0,0
BRDA:30,0,1,0
BRDA:33,1,0,0
BRDA:33,1,1,0
BRDA:34,2,0,0
BRDA:34,2,1,0
BRF:6
BRH:0
end_of_record
TN:
SF:src\middlewares\error-handler.ts
FN:5,(anonymous_1)
FNF:1
FNH:1
FNDA:1,(anonymous_1)
DA:3,2
DA:5,2
DA:11,1
DA:12,1
DA:13,1
LF:5
LH:5
BRDA:11,0,0,1
BRDA:11,0,1,0
BRDA:12,1,0,1
BRDA:12,1,1,1
BRDA:16,2,0,1
BRDA:16,2,1,0
BRF:6
BRH:4
end_of_record
TN:
SF:src\middlewares\index.ts
FNF:0
FNH:0
DA:1,2
DA:2,2
LF:2
LH:2
BRF:0
BRH:0
end_of_record
TN:
SF:src\middlewares\validation.ts
FN:5,(anonymous_0)
FN:9,(anonymous_1)
FN:23,(anonymous_2)
FNF:3
FNH:3
FNDA:12,(anonymous_0)
FNDA:8,(anonymous_1)
FNDA:1,(anonymous_2)
DA:3,2
DA:5,2
DA:9,12
DA:10,8
DA:11,8
DA:18,8
DA:19,8
DA:20,7
DA:23,1
DA:24,1
DA:26,0
LF:11
LH:10
BRDA:7,0,0,6
BRDA:19,1,0,7
BRF:2
BRH:2
end_of_record
TN:
SF:src\models\index.ts
FNF:0
FNH:0
DA:1,1
LF:1
LH:1
BRF:0
BRH:0
end_of_record
TN:
SF:src\models\todo\index.ts
FNF:0
FNH:0
DA:1,1
DA:5,1
DA:23,1
LF:3
LH:3
BRDA:24,0,0,1
BRDA:24,0,1,1
BRF:2
BRH:2
end_of_record
TN:
SF:src\routes\index.ts
FN:1,(anonymous_1)
FNF:1
FNH:1
FNDA:2,(anonymous_1)
DA:1,4
LF:1
LH:1
BRF:0
BRH:0
end_of_record
TN:
SF:src\routes\todo.routes.ts
FNF:0
FNH:0
DA:1,2
DA:2,2
DA:3,2
DA:4,2
DA:5,2
DA:7,2
DA:9,2
DA:15,2
DA:22,2
DA:28,2
DA:33,2
DA:39,2
LF:12
LH:12
BRF:0
BRH:0
end_of_record
TN:
SF:src\services\index.ts
FNF:0
FNH:0
DA:1,1
LF:1
LH:1
BRF:0
BRH:0
end_of_record
TN:
SF:src\services\todo.service.ts
FN:5,(anonymous_7)
FN:5,(anonymous_8)
FN:13,(anonymous_9)
FN:16,(anonymous_10)
FN:29,(anonymous_11)
FN:29,(anonymous_12)
FN:37,(anonymous_13)
FN:40,(anonymous_14)
FN:48,(anonymous_15)
FN:48,(anonymous_16)
FNF:10
FNH:0
FNDA:0,(anonymous_7)
FNDA:0,(anonymous_8)
FNDA:0,(anonymous_9)
FNDA:0,(anonymous_10)
FNDA:0,(anonymous_11)
FNDA:0,(anonymous_12)
FNDA:0,(anonymous_13)
FNDA:0,(anonymous_14)
FNDA:0,(anonymous_15)
FNDA:0,(anonymous_16)
DA:3,1
DA:5,1
DA:6,0
DA:7,0
DA:9,0
DA:13,1
DA:16,0
DA:17,0
DA:18,0
DA:19,0
DA:20,0
DA:25,0
DA:29,1
DA:30,0
DA:31,0
DA:33,0
DA:37,1
DA:40,0
DA:41,0
DA:42,0
DA:44,0
DA:48,1
DA:49,0
DA:50,0
DA:52,0
LF:25
LH:6
BRF:0
BRH:0
end_of_record
TN:
SF:src\test\db.ts
FN:5,(anonymous_8)
FN:5,(anonymous_9)
FN:9,(anonymous_10)
FN:9,(anonymous_11)
FN:14,(anonymous_12)
FN:14,(anonymous_13)
FNF:6
FNH:6
FNDA:1,(anonymous_8)
FNDA:1,(anonymous_9)
FNDA:1,(anonymous_10)
FNDA:1,(anonymous_11)
FNDA:7,(anonymous_12)
FNDA:7,(anonymous_13)
DA:1,1
DA:2,1
DA:4,1
DA:5,1
DA:6,1
DA:7,1
DA:9,1
DA:10,1
DA:11,1
DA:12,1
DA:14,7
DA:15,7
DA:16,7
DA:17,0
DA:18,0
LF:15
LH:13
BRF:0
BRH:0
end_of_record
TN:
SF:src\utils\server.ts
FN:7,(anonymous_1)
FN:20,(anonymous_2)
FNF:2
FNH:2
FNDA:2,(anonymous_1)
FNDA:1,(anonymous_2)
DA:1,2
DA:3,2
DA:4,2
DA:5,2
DA:7,2
DA:8,2
DA:10,2
DA:11,2
DA:12,2
DA:20,2
DA:21,1
DA:25,2
DA:28,2
DA:30,2
DA:33,2
LF:15
LH:15
BRF:0
BRH:0
end_of_record
TN:
SF:src\validations\index.ts
FNF:0
FNH:0
DA:1,2
LF:1
LH:1
BRF:0
BRH:0
end_of_record
TN:
SF:src\validations\todo.validation.ts
FNF:0
FNH:0
DA:1,2
DA:2,2
LF:2
LH:2
BRF:0
BRH:0
end_of_record
